[demo.epic-webdesign.com/tf-besmart/v1/index.html]
[backblue.gif]
[fade.gif]
[index.html]
[demo.epic-webdesign.com/tf-besmart/v1/css/bootstrap.css]
[demo.epic-webdesign.com/tf-besmart/v1/css/style.css]
[demo.epic-webdesign.com/tf-besmart/v1/css/animate.css]
[demo.epic-webdesign.com/tf-besmart/v1/css/style-magnific-popup.css]
[demo.epic-webdesign.com/tf-besmart/v1/css/fonts.css]
[demo.epic-webdesign.com/tf-besmart/v1/images/favicon.ico]
[demo.epic-webdesign.com/tf-besmart/v1/index-2.html]
[demo.epic-webdesign.com/tf-besmart/v1/images/partner2.png]
[demo.epic-webdesign.com/tf-besmart/v1/images/partner1.png]
[demo.epic-webdesign.com/tf-besmart/v1/images/partner3.png]
[demo.epic-webdesign.com/tf-besmart/v1/images/partner5.png]
[demo.epic-webdesign.com/tf-besmart/v1/images/partner4.png]
[demo.epic-webdesign.com/tf-besmart/v1/images/a1.jpg]
[demo.epic-webdesign.com/tf-besmart/v1/images/p1.jpg]
[demo.epic-webdesign.com/tf-besmart/v1/images/p3.jpg]
[demo.epic-webdesign.com/tf-besmart/v1/images/p2.jpg]
[demo.epic-webdesign.com/tf-besmart/v1/images/p4.jpg]
[demo.epic-webdesign.com/tf-besmart/v1/images/p5.jpg]
[demo.epic-webdesign.com/tf-besmart/v1/images/p6.jpg]
[demo.epic-webdesign.com/tf-besmart/v1/images/bg2.jpg]
[demo.epic-webdesign.com/tf-besmart/v1/images/team4.jpg]
[demo.epic-webdesign.com/tf-besmart/v1/images/team1.jpg]
[demo.epic-webdesign.com/tf-besmart/v1/images/team2.jpg]
[demo.epic-webdesign.com/tf-besmart/v1/images/team3.jpg]
[demo.epic-webdesign.com/tf-besmart/v1/images/team5.jpg]
[demo.epic-webdesign.com/tf-besmart/v1/images/imac2.png]
[demo.epic-webdesign.com/tf-besmart/v1/images/imac.png]
[demo.epic-webdesign.com/tf-besmart/v1/js/jquery-1.11.3.min.js]
[demo.epic-webdesign.com/tf-besmart/v1/js/bootstrap.min.js]
[demo.epic-webdesign.com/tf-besmart/v1/js/jquery.magnific-popup.min.js]
[demo.epic-webdesign.com/tf-besmart/v1/js/jquery.nav.js]
[demo.epic-webdesign.com/tf-besmart/v1/js/jquery.scrollTo-min.js]
[demo.epic-webdesign.com/tf-besmart/v1/js/SmoothScroll.js]
[demo.epic-webdesign.com/tf-besmart/v1/js/wow.js]
[demo.epic-webdesign.com/tf-besmart/v1/js/custom.js]
[demo.epic-webdesign.com/tf-besmart/v1/index.html]
[demo.epic-webdesign.com/tf-besmart/v1/js/plugins.js]
[demo.epic-webdesign.com/tf-besmart/v1/fonts/glyphicons-halflings-regular.eot]
[demo.epic-webdesign.com/tf-besmart/v1/fonts/glyphicons-halflings-regulard41d.eot]
[demo.epic-webdesign.com/tf-besmart/v1/fonts/glyphicons-halflings-regular.woff2]
[demo.epic-webdesign.com/tf-besmart/v1/fonts/glyphicons-halflings-regular.woff]
[demo.epic-webdesign.com/tf-besmart/v1/fonts/glyphicons-halflings-regular.ttf]
[demo.epic-webdesign.com/tf-besmart/v1/fonts/glyphicons-halflings-regular.svg]
[demo.epic-webdesign.com/tf-besmart/v1/css/bootstrap.css]
[demo.epic-webdesign.com/tf-besmart/v1/images/bg.jpg]
[demo.epic-webdesign.com/tf-besmart/v1/images/bg1.jpg]
[demo.epic-webdesign.com/tf-besmart/v1/images/bg3.jpg]
[demo.epic-webdesign.com/tf-besmart/v1/css/style.css]
[demo.epic-webdesign.com/tf-besmart/v1/css/animate.css]
[demo.epic-webdesign.com/tf-besmart/v1/css/style-magnific-popup.css]
[demo.epic-webdesign.com/tf-besmart/v1/fonts/icons-font.eot]
[demo.epic-webdesign.com/tf-besmart/v1/fonts/icons-fontd41d.eot]
[demo.epic-webdesign.com/tf-besmart/v1/fonts/icons-font.woff]
[demo.epic-webdesign.com/tf-besmart/v1/fonts/icons-font.ttf]
[demo.epic-webdesign.com/tf-besmart/v1/css/fonts.css]
[demo.epic-webdesign.com/tf-besmart/v1/index-2.html]
[demo.epic-webdesign.com/tf-besmart/v1/js/jquery-1.11.3.min.js]
[demo.epic-webdesign.com/tf-besmart/v1/fonts/icons-font.svg]
[demo.epic-webdesign.com/tf-besmart/v1/Popover requires tooltip.js]
[demo.epic-webdesign.com/tf-besmart/v1/js/bootstrap.min.js]
[demo.epic-webdesign.com/tf-besmart/v1/js/jquery.magnific-popup.min.js]
[demo.epic-webdesign.com/tf-besmart/v1/js/jquery.nav.js]
[demo.epic-webdesign.com/tf-besmart/v1/js/jquery.scrollTo-min.js]
[demo.epic-webdesign.com/tf-besmart/v1/js/SmoothScroll.js]
[demo.epic-webdesign.com/tf-besmart/v1/js/wow.js]
[demo.epic-webdesign.com/tf-besmart/v1/js/custom.js]
[demo.epic-webdesign.com/tf-besmart/v1/js/plugins.js]
[demo.epic-webdesign.com/tf-besmart/v1/fonts/glyphicons-halflings-regular.html]
[demo.epic-webdesign.com/tf-besmart/v1/fonts/glyphicons-halflings-regulard41d.html]
[demo.epic-webdesign.com/tf-besmart/v1/fonts/glyphicons-halflings-regular-2.html]
[demo.epic-webdesign.com/tf-besmart/v1/fonts/glyphicons-halflings-regular-3.html]
[demo.epic-webdesign.com/tf-besmart/v1/fonts/glyphicons-halflings-regular-4.html]
[demo.epic-webdesign.com/tf-besmart/v1/fonts/glyphicons-halflings-regular-5.html]
[demo.epic-webdesign.com/tf-besmart/v1/fonts/icons-font.svg]
[demo.epic-webdesign.com/tf-besmart/v1/Popover requires tooltip.html]
